# JRE version: Java(TM) SE Runtime Environment (8.0_66-b17) (build 1.8.0_66-b17)
# Java VM: Java HotSpot(TM) 64-Bit Server VM (25.66-b17 mixed mode linux-amd64 compressed oops)
Heap:
 PSYoungGen      total 68608K, used 46950K [0x00000000d6f80000, 0x00000000dcb80000, 0x0000000100000000)
  eden space 63488K, 65% used [0x00000000d6f80000,0x00000000d985c158,0x00000000dad80000)
  from space 5120K, 99% used [0x00000000dad80000,0x00000000db27d8a0,0x00000000db280000)
  to   space 5120K, 0% used [0x00000000dc680000,0x00000000dc680000,0x00000000dcb80000)
 ParOldGen       total 57856K, used 8089K [0x0000000084e00000, 0x0000000088680000, 0x00000000d6f80000)
  object space 57856K, 13% used [0x0000000084e00000,0x00000000855e6448,0x0000000088680000)
 Metaspace       used 35002K, capacity 35334K, committed 35456K, reserved 1079296K
  class space    used 4592K, capacity 4680K, committed 4736K, reserved 1048576K
GC Heap History (8 events):
Event: 0,746 GC heap before
{Heap before GC invocations=1 (full 0):
 PSYoungGen      total 36864K, used 31731K [0x00000000d6f80000, 0x00000000d9880000, 0x0000000100000000)
  eden space 31744K, 99% used [0x00000000d6f80000,0x00000000d8e7cef0,0x00000000d8e80000)
  from space 5120K, 0% used [0x00000000d9380000,0x00000000d9380000,0x00000000d9880000)
  to   space 5120K, 0% used [0x00000000d8e80000,0x00000000d8e80000,0x00000000d9380000)
 ParOldGen       total 84992K, used 0K [0x0000000084e00000, 0x000000008a100000, 0x00000000d6f80000)
  object space 84992K, 0% used [0x0000000084e00000,0x0000000084e00000,0x000000008a100000)
 Metaspace       used 15305K, capacity 15536K, committed 15744K, reserved 1062912K
  class space    used 1806K, capacity 1893K, committed 1920K, reserved 1048576K
Event: 0,758 GC heap after
Heap after GC invocations=1 (full 0):
 PSYoungGen      total 36864K, used 4600K [0x00000000d6f80000, 0x00000000db780000, 0x0000000100000000)
  eden space 31744K, 0% used [0x00000000d6f80000,0x00000000d6f80000,0x00000000d8e80000)
  from space 5120K, 89% used [0x00000000d8e80000,0x00000000d92fe350,0x00000000d9380000)
  to   space 5120K, 0% used [0x00000000db280000,0x00000000db280000,0x00000000db780000)
 ParOldGen       total 84992K, used 16K [0x0000000084e00000, 0x000000008a100000, 0x00000000d6f80000)
  object space 84992K, 0% used [0x0000000084e00000,0x0000000084e04000,0x000000008a100000)
 Metaspace       used 15305K, capacity 15536K, committed 15744K, reserved 1062912K
  class space    used 1806K, capacity 1893K, committed 1920K, reserved 1048576K
}
Event: 1,006 GC heap before
{Heap before GC invocations=2 (full 0):
 PSYoungGen      total 36864K, used 29589K [0x00000000d6f80000, 0x00000000db780000, 0x0000000100000000)
  eden space 31744K, 78% used [0x00000000d6f80000,0x00000000d87e7168,0x00000000d8e80000)
  from space 5120K, 89% used [0x00000000d8e80000,0x00000000d92fe350,0x00000000d9380000)
  to   space 5120K, 0% used [0x00000000db280000,0x00000000db280000,0x00000000db780000)
 ParOldGen       total 84992K, used 16K [0x0000000084e00000, 0x000000008a100000, 0x00000000d6f80000)
  object space 84992K, 0% used [0x0000000084e00000,0x0000000084e04000,0x000000008a100000)
 Metaspace       used 20906K, capacity 21132K, committed 21296K, reserved 1069056K
  class space    used 2560K, capacity 2641K, committed 2688K, reserved 1048576K
Event: 1,013 GC heap after
Heap after GC invocations=2 (full 0):
 PSYoungGen      total 68608K, used 5112K [0x00000000d6f80000, 0x00000000db780000, 0x0000000100000000)
  eden space 63488K, 0% used [0x00000000d6f80000,0x00000000d6f80000,0x00000000dad80000)
  from space 5120K, 99% used [0x00000000db280000,0x00000000db77e320,0x00000000db780000)
  to   space 5120K, 0% used [0x00000000dad80000,0x00000000dad80000,0x00000000db280000)
 ParOldGen       total 84992K, used 170K [0x0000000084e00000, 0x000000008a100000, 0x00000000d6f80000)
  object space 84992K, 0% used [0x0000000084e00000,0x0000000084e2a860,0x000000008a100000)
 Metaspace       used 20906K, capacity 21132K, committed 21296K, reserved 1069056K
  class space    used 2560K, capacity 2641K, committed 2688K, reserved 1048576K
}
Event: 1,013 GC heap before
{Heap before GC invocations=3 (full 1):
 PSYoungGen      total 68608K, used 5112K [0x00000000d6f80000, 0x00000000db780000, 0x0000000100000000)
  eden space 63488K, 0% used [0x00000000d6f80000,0x00000000d6f80000,0x00000000dad80000)
  from space 5120K, 99% used [0x00000000db280000,0x00000000db77e320,0x00000000db780000)
  to   space 5120K, 0% used [0x00000000dad80000,0x00000000dad80000,0x00000000db280000)
 ParOldGen       total 84992K, used 170K [0x0000000084e00000, 0x000000008a100000, 0x00000000d6f80000)
  object space 84992K, 0% used [0x0000000084e00000,0x0000000084e2a860,0x000000008a100000)
 Metaspace       used 20906K, capacity 21132K, committed 21296K, reserved 1069056K
  class space    used 2560K, capacity 2641K, committed 2688K, reserved 1048576K
Event: 1,051 GC heap after
Heap after GC invocations=3 (full 1):
 PSYoungGen      total 68608K, used 0K [0x00000000d6f80000, 0x00000000db780000, 0x0000000100000000)
  eden space 63488K, 0% used [0x00000000d6f80000,0x00000000d6f80000,0x00000000dad80000)
  from space 5120K, 0% used [0x00000000db280000,0x00000000db280000,0x00000000db780000)
  to   space 5120K, 0% used [0x00000000dad80000,0x00000000dad80000,0x00000000db280000)
 ParOldGen       total 57856K, used 5080K [0x0000000084e00000, 0x0000000088680000, 0x00000000d6f80000)
  object space 57856K, 8% used [0x0000000084e00000,0x00000000852f6090,0x0000000088680000)
 Metaspace       used 20906K, capacity 21132K, committed 21296K, reserved 1069056K
  class space    used 2560K, capacity 2641K, committed 2688K, reserved 1048576K
}
Event: 2,474 GC heap before
{Heap before GC invocations=4 (full 1):
 PSYoungGen      total 68608K, used 63488K [0x00000000d6f80000, 0x00000000db780000, 0x0000000100000000)
  eden space 63488K, 100% used [0x00000000d6f80000,0x00000000dad80000,0x00000000dad80000)
  from space 5120K, 0% used [0x00000000db280000,0x00000000db280000,0x00000000db780000)
  to   space 5120K, 0% used [0x00000000dad80000,0x00000000dad80000,0x00000000db280000)
 ParOldGen       total 57856K, used 5080K [0x0000000084e00000, 0x0000000088680000, 0x00000000d6f80000)
  object space 57856K, 8% used [0x0000000084e00000,0x00000000852f6090,0x0000000088680000)
 Metaspace       used 29548K, capacity 29894K, committed 30208K, reserved 1075200K
  class space    used 3960K, capacity 4040K, committed 4096K, reserved 1048576K
Event: 2,486 GC heap after
Heap after GC invocations=4 (full 1):
 PSYoungGen      total 68608K, used 5110K [0x00000000d6f80000, 0x00000000dcb80000, 0x0000000100000000)
  eden space 63488K, 0% used [0x00000000d6f80000,0x00000000d6f80000,0x00000000dad80000)
  from space 5120K, 99% used [0x00000000dad80000,0x00000000db27d8a0,0x00000000db280000)
  to   space 5120K, 0% used [0x00000000dc680000,0x00000000dc680000,0x00000000dcb80000)
 ParOldGen       total 57856K, used 8089K [0x0000000084e00000, 0x0000000088680000, 0x00000000d6f80000)
  object space 57856K, 13% used [0x0000000084e00000,0x00000000855e6448,0x0000000088680000)
 Metaspace       used 29548K, capacity 29894K, committed 30208K, reserved 1075200K
  class space    used 3960K, capacity 4040K, committed 4096K, reserved 1048576K
}

