# JRE version: Java(TM) SE Runtime Environment (8.0_66-b17) (build 1.8.0_66-b17)
# Java VM: Java HotSpot(TM) 64-Bit Server VM (25.66-b17 mixed mode linux-amd64 compressed oops)
Heap:
 PSYoungGen      total 48128K, used 21073K [0x00000000d6f80000, 0x00000000da400000, 0x0000000100000000)
  eden space 43008K, 37% used [0x00000000d6f80000,0x00000000d7f188c0,0x00000000d9980000)
  from space 5120K, 99% used [0x00000000d9f00000,0x00000000da3fbc68,0x00000000da400000)
  to   space 5120K, 0% used [0x00000000d9a00000,0x00000000d9a00000,0x00000000d9f00000)
 ParOldGen       total 56832K, used 7391K [0x0000000084e00000, 0x0000000088580000, 0x00000000d6f80000)
  object space 56832K, 13% used [0x0000000084e00000,0x0000000085537da8,0x0000000088580000)
 Metaspace       used 31729K, capacity 32016K, committed 32256K, reserved 1077248K
  class space    used 4172K, capacity 4235K, committed 4352K, reserved 1048576K
GC Heap History (10 events):
Event: 0,738 GC heap before
{Heap before GC invocations=1 (full 0):
 PSYoungGen      total 36864K, used 31711K [0x00000000d6f80000, 0x00000000d9880000, 0x0000000100000000)
  eden space 31744K, 99% used [0x00000000d6f80000,0x00000000d8e77d88,0x00000000d8e80000)
  from space 5120K, 0% used [0x00000000d9380000,0x00000000d9380000,0x00000000d9880000)
  to   space 5120K, 0% used [0x00000000d8e80000,0x00000000d8e80000,0x00000000d9380000)
 ParOldGen       total 84992K, used 0K [0x0000000084e00000, 0x000000008a100000, 0x00000000d6f80000)
  object space 84992K, 0% used [0x0000000084e00000,0x0000000084e00000,0x000000008a100000)
 Metaspace       used 15332K, capacity 15536K, committed 15744K, reserved 1062912K
  class space    used 1805K, capacity 1893K, committed 1920K, reserved 1048576K
Event: 0,746 GC heap after
Heap after GC invocations=1 (full 0):
 PSYoungGen      total 36864K, used 4532K [0x00000000d6f80000, 0x00000000d9880000, 0x0000000100000000)
  eden space 31744K, 0% used [0x00000000d6f80000,0x00000000d6f80000,0x00000000d8e80000)
  from space 5120K, 88% used [0x00000000d8e80000,0x00000000d92ed2e8,0x00000000d9380000)
  to   space 5120K, 0% used [0x00000000d9380000,0x00000000d9380000,0x00000000d9880000)
 ParOldGen       total 84992K, used 16K [0x0000000084e00000, 0x000000008a100000, 0x00000000d6f80000)
  object space 84992K, 0% used [0x0000000084e00000,0x0000000084e04000,0x000000008a100000)
 Metaspace       used 15332K, capacity 15536K, committed 15744K, reserved 1062912K
  class space    used 1805K, capacity 1893K, committed 1920K, reserved 1048576K
}
Event: 1,023 GC heap before
{Heap before GC invocations=2 (full 0):
 PSYoungGen      total 36864K, used 29452K [0x00000000d6f80000, 0x00000000d9880000, 0x0000000100000000)
  eden space 31744K, 78% used [0x00000000d6f80000,0x00000000d87d5dd8,0x00000000d8e80000)
  from space 5120K, 88% used [0x00000000d8e80000,0x00000000d92ed2e8,0x00000000d9380000)
  to   space 5120K, 0% used [0x00000000d9380000,0x00000000d9380000,0x00000000d9880000)
 ParOldGen       total 84992K, used 16K [0x0000000084e00000, 0x000000008a100000, 0x00000000d6f80000)
  object space 84992K, 0% used [0x0000000084e00000,0x0000000084e04000,0x000000008a100000)
 Metaspace       used 20904K, capacity 21136K, committed 21296K, reserved 1069056K
  class space    used 2559K, capacity 2641K, committed 2688K, reserved 1048576K
Event: 1,029 GC heap after
Heap after GC invocations=2 (full 0):
 PSYoungGen      total 36864K, used 5112K [0x00000000d6f80000, 0x00000000db780000, 0x0000000100000000)
  eden space 31744K, 0% used [0x00000000d6f80000,0x00000000d6f80000,0x00000000d8e80000)
  from space 5120K, 99% used [0x00000000d9380000,0x00000000d987e320,0x00000000d9880000)
  to   space 5120K, 0% used [0x00000000d8e80000,0x00000000d8e80000,0x00000000d9380000)
 ParOldGen       total 84992K, used 193K [0x0000000084e00000, 0x000000008a100000, 0x00000000d6f80000)
  object space 84992K, 0% used [0x0000000084e00000,0x0000000084e306b0,0x000000008a100000)
 Metaspace       used 20904K, capacity 21136K, committed 21296K, reserved 1069056K
  class space    used 2559K, capacity 2641K, committed 2688K, reserved 1048576K
}
Event: 1,029 GC heap before
{Heap before GC invocations=3 (full 1):
 PSYoungGen      total 36864K, used 5112K [0x00000000d6f80000, 0x00000000db780000, 0x0000000100000000)
  eden space 31744K, 0% used [0x00000000d6f80000,0x00000000d6f80000,0x00000000d8e80000)
  from space 5120K, 99% used [0x00000000d9380000,0x00000000d987e320,0x00000000d9880000)
  to   space 5120K, 0% used [0x00000000d8e80000,0x00000000d8e80000,0x00000000d9380000)
 ParOldGen       total 84992K, used 193K [0x0000000084e00000, 0x000000008a100000, 0x00000000d6f80000)
  object space 84992K, 0% used [0x0000000084e00000,0x0000000084e306b0,0x000000008a100000)
 Metaspace       used 20904K, capacity 21136K, committed 21296K, reserved 1069056K
  class space    used 2559K, capacity 2641K, committed 2688K, reserved 1048576K
Event: 1,054 GC heap after
Heap after GC invocations=3 (full 1):
 PSYoungGen      total 36864K, used 0K [0x00000000d6f80000, 0x00000000db780000, 0x0000000100000000)
  eden space 31744K, 0% used [0x00000000d6f80000,0x00000000d6f80000,0x00000000d8e80000)
  from space 5120K, 0% used [0x00000000d9380000,0x00000000d9380000,0x00000000d9880000)
  to   space 5120K, 0% used [0x00000000d8e80000,0x00000000d8e80000,0x00000000d9380000)
 ParOldGen       total 56832K, used 5079K [0x0000000084e00000, 0x0000000088580000, 0x00000000d6f80000)
  object space 56832K, 8% used [0x0000000084e00000,0x00000000852f5c98,0x0000000088580000)
 Metaspace       used 20904K, capacity 21136K, committed 21296K, reserved 1069056K
  class space    used 2559K, capacity 2641K, committed 2688K, reserved 1048576K
}
Event: 1,615 GC heap before
{Heap before GC invocations=4 (full 1):
 PSYoungGen      total 36864K, used 31744K [0x00000000d6f80000, 0x00000000db780000, 0x0000000100000000)
  eden space 31744K, 100% used [0x00000000d6f80000,0x00000000d8e80000,0x00000000d8e80000)
  from space 5120K, 0% used [0x00000000d9380000,0x00000000d9380000,0x00000000d9880000)
  to   space 5120K, 0% used [0x00000000d8e80000,0x00000000d8e80000,0x00000000d9380000)
 ParOldGen       total 56832K, used 5079K [0x0000000084e00000, 0x0000000088580000, 0x00000000d6f80000)
  object space 56832K, 8% used [0x0000000084e00000,0x00000000852f5c98,0x0000000088580000)
 Metaspace       used 24397K, capacity 24722K, committed 25088K, reserved 1071104K
  class space    used 3138K, capacity 3238K, committed 3328K, reserved 1048576K
Event: 1,620 GC heap after
Heap after GC invocations=4 (full 1):
 PSYoungGen      total 36864K, used 3797K [0x00000000d6f80000, 0x00000000da400000, 0x0000000100000000)
  eden space 31744K, 0% used [0x00000000d6f80000,0x00000000d6f80000,0x00000000d8e80000)
  from space 5120K, 74% used [0x00000000d8e80000,0x00000000d92356f8,0x00000000d9380000)
  to   space 5120K, 0% used [0x00000000d9f00000,0x00000000d9f00000,0x00000000da400000)
 ParOldGen       total 56832K, used 5087K [0x0000000084e00000, 0x0000000088580000, 0x00000000d6f80000)
  object space 56832K, 8% used [0x0000000084e00000,0x00000000852f7c98,0x0000000088580000)
 Metaspace       used 24397K, capacity 24722K, committed 25088K, reserved 1071104K
  class space    used 3138K, capacity 3238K, committed 3328K, reserved 1048576K
}
Event: 2,294 GC heap before
{Heap before GC invocations=5 (full 1):
 PSYoungGen      total 36864K, used 35541K [0x00000000d6f80000, 0x00000000da400000, 0x0000000100000000)
  eden space 31744K, 100% used [0x00000000d6f80000,0x00000000d8e80000,0x00000000d8e80000)
  from space 5120K, 74% used [0x00000000d8e80000,0x00000000d92356f8,0x00000000d9380000)
  to   space 5120K, 0% used [0x00000000d9f00000,0x00000000d9f00000,0x00000000da400000)
 ParOldGen       total 56832K, used 5087K [0x0000000084e00000, 0x0000000088580000, 0x00000000d6f80000)
  object space 56832K, 8% used [0x0000000084e00000,0x00000000852f7c98,0x0000000088580000)
 Metaspace       used 29897K, capacity 30278K, committed 30592K, reserved 1075200K
  class space    used 4011K, capacity 4104K, committed 4224K, reserved 1048576K
Event: 2,302 GC heap after
Heap after GC invocations=5 (full 1):
 PSYoungGen      total 48128K, used 5103K [0x00000000d6f80000, 0x00000000da400000, 0x0000000100000000)
  eden space 43008K, 0% used [0x00000000d6f80000,0x00000000d6f80000,0x00000000d9980000)
  from space 5120K, 99% used [0x00000000d9f00000,0x00000000da3fbc68,0x00000000da400000)
  to   space 5120K, 0% used [0x00000000d9a00000,0x00000000d9a00000,0x00000000d9f00000)
 ParOldGen       total 56832K, used 7391K [0x0000000084e00000, 0x0000000088580000, 0x00000000d6f80000)
  object space 56832K, 13% used [0x0000000084e00000,0x0000000085537da8,0x0000000088580000)
 Metaspace       used 29897K, capacity 30278K, committed 30592K, reserved 1075200K
  class space    used 4011K, capacity 4104K, committed 4224K, reserved 1048576K
}

