# JRE version: Java(TM) SE Runtime Environment (8.0_66-b17) (build 1.8.0_66-b17)
# Java VM: Java HotSpot(TM) 64-Bit Server VM (25.66-b17 mixed mode linux-amd64 compressed oops)
Heap:
 PSYoungGen      total 48128K, used 42661K [0x00000000d6f80000, 0x00000000da400000, 0x0000000100000000)
  eden space 43008K, 87% used [0x00000000d6f80000,0x00000000d942d890,0x00000000d9980000)
  from space 5120K, 99% used [0x00000000d9e80000,0x00000000da37bc20,0x00000000da380000)
  to   space 5120K, 0% used [0x00000000d9980000,0x00000000d9980000,0x00000000d9e80000)
 ParOldGen       total 57344K, used 7594K [0x0000000084e00000, 0x0000000088600000, 0x00000000d6f80000)
  object space 57344K, 13% used [0x0000000084e00000,0x000000008556a8a8,0x0000000088600000)
 Metaspace       used 34870K, capacity 35216K, committed 35456K, reserved 1079296K
  class space    used 4597K, capacity 4683K, committed 4736K, reserved 1048576K
GC Heap History (10 events):
Event: 0,772 GC heap before
{Heap before GC invocations=1 (full 0):
 PSYoungGen      total 36864K, used 31717K [0x00000000d6f80000, 0x00000000d9880000, 0x0000000100000000)
  eden space 31744K, 99% used [0x00000000d6f80000,0x00000000d8e79520,0x00000000d8e80000)
  from space 5120K, 0% used [0x00000000d9380000,0x00000000d9380000,0x00000000d9880000)
  to   space 5120K, 0% used [0x00000000d8e80000,0x00000000d8e80000,0x00000000d9380000)
 ParOldGen       total 84992K, used 0K [0x0000000084e00000, 0x000000008a100000, 0x00000000d6f80000)
  object space 84992K, 0% used [0x0000000084e00000,0x0000000084e00000,0x000000008a100000)
 Metaspace       used 15235K, capacity 15408K, committed 15488K, reserved 1062912K
  class space    used 1803K, capacity 1893K, committed 1920K, reserved 1048576K
Event: 0,779 GC heap after
Heap after GC invocations=1 (full 0):
 PSYoungGen      total 36864K, used 4498K [0x00000000d6f80000, 0x00000000d9880000, 0x0000000100000000)
  eden space 31744K, 0% used [0x00000000d6f80000,0x00000000d6f80000,0x00000000d8e80000)
  from space 5120K, 87% used [0x00000000d8e80000,0x00000000d92e4828,0x00000000d9380000)
  to   space 5120K, 0% used [0x00000000d9380000,0x00000000d9380000,0x00000000d9880000)
 ParOldGen       total 84992K, used 16K [0x0000000084e00000, 0x000000008a100000, 0x00000000d6f80000)
  object space 84992K, 0% used [0x0000000084e00000,0x0000000084e04000,0x000000008a100000)
 Metaspace       used 15235K, capacity 15408K, committed 15488K, reserved 1062912K
  class space    used 1803K, capacity 1893K, committed 1920K, reserved 1048576K
}
Event: 1,140 GC heap before
{Heap before GC invocations=2 (full 0):
 PSYoungGen      total 36864K, used 28953K [0x00000000d6f80000, 0x00000000d9880000, 0x0000000100000000)
  eden space 31744K, 77% used [0x00000000d6f80000,0x00000000d8761f18,0x00000000d8e80000)
  from space 5120K, 87% used [0x00000000d8e80000,0x00000000d92e4828,0x00000000d9380000)
  to   space 5120K, 0% used [0x00000000d9380000,0x00000000d9380000,0x00000000d9880000)
 ParOldGen       total 84992K, used 16K [0x0000000084e00000, 0x000000008a100000, 0x00000000d6f80000)
  object space 84992K, 0% used [0x0000000084e00000,0x0000000084e04000,0x000000008a100000)
 Metaspace       used 20930K, capacity 21132K, committed 21296K, reserved 1069056K
  class space    used 2567K, capacity 2641K, committed 2688K, reserved 1048576K
Event: 1,147 GC heap after
Heap after GC invocations=2 (full 0):
 PSYoungGen      total 36864K, used 5097K [0x00000000d6f80000, 0x00000000db780000, 0x0000000100000000)
  eden space 31744K, 0% used [0x00000000d6f80000,0x00000000d6f80000,0x00000000d8e80000)
  from space 5120K, 99% used [0x00000000d9380000,0x00000000d987a598,0x00000000d9880000)
  to   space 5120K, 0% used [0x00000000d8e80000,0x00000000d8e80000,0x00000000d9380000)
 ParOldGen       total 84992K, used 265K [0x0000000084e00000, 0x000000008a100000, 0x00000000d6f80000)
  object space 84992K, 0% used [0x0000000084e00000,0x0000000084e42610,0x000000008a100000)
 Metaspace       used 20930K, capacity 21132K, committed 21296K, reserved 1069056K
  class space    used 2567K, capacity 2641K, committed 2688K, reserved 1048576K
}
Event: 1,147 GC heap before
{Heap before GC invocations=3 (full 1):
 PSYoungGen      total 36864K, used 5097K [0x00000000d6f80000, 0x00000000db780000, 0x0000000100000000)
  eden space 31744K, 0% used [0x00000000d6f80000,0x00000000d6f80000,0x00000000d8e80000)
  from space 5120K, 99% used [0x00000000d9380000,0x00000000d987a598,0x00000000d9880000)
  to   space 5120K, 0% used [0x00000000d8e80000,0x00000000d8e80000,0x00000000d9380000)
 ParOldGen       total 84992K, used 265K [0x0000000084e00000, 0x000000008a100000, 0x00000000d6f80000)
  object space 84992K, 0% used [0x0000000084e00000,0x0000000084e42610,0x000000008a100000)
 Metaspace       used 20930K, capacity 21132K, committed 21296K, reserved 1069056K
  class space    used 2567K, capacity 2641K, committed 2688K, reserved 1048576K
Event: 1,171 GC heap after
Heap after GC invocations=3 (full 1):
 PSYoungGen      total 36864K, used 0K [0x00000000d6f80000, 0x00000000db780000, 0x0000000100000000)
  eden space 31744K, 0% used [0x00000000d6f80000,0x00000000d6f80000,0x00000000d8e80000)
  from space 5120K, 0% used [0x00000000d9380000,0x00000000d9380000,0x00000000d9880000)
  to   space 5120K, 0% used [0x00000000d8e80000,0x00000000d8e80000,0x00000000d9380000)
 ParOldGen       total 57344K, used 5126K [0x0000000084e00000, 0x0000000088600000, 0x00000000d6f80000)
  object space 57344K, 8% used [0x0000000084e00000,0x0000000085301960,0x0000000088600000)
 Metaspace       used 20930K, capacity 21132K, committed 21296K, reserved 1069056K
  class space    used 2567K, capacity 2641K, committed 2688K, reserved 1048576K
}
Event: 1,718 GC heap before
{Heap before GC invocations=4 (full 1):
 PSYoungGen      total 36864K, used 31744K [0x00000000d6f80000, 0x00000000db780000, 0x0000000100000000)
  eden space 31744K, 100% used [0x00000000d6f80000,0x00000000d8e80000,0x00000000d8e80000)
  from space 5120K, 0% used [0x00000000d9380000,0x00000000d9380000,0x00000000d9880000)
  to   space 5120K, 0% used [0x00000000d8e80000,0x00000000d8e80000,0x00000000d9380000)
 ParOldGen       total 57344K, used 5126K [0x0000000084e00000, 0x0000000088600000, 0x00000000d6f80000)
  object space 57344K, 8% used [0x0000000084e00000,0x0000000085301960,0x0000000088600000)
 Metaspace       used 24328K, capacity 24718K, committed 25088K, reserved 1071104K
  class space    used 3143K, capacity 3238K, committed 3328K, reserved 1048576K
Event: 1,723 GC heap after
Heap after GC invocations=4 (full 1):
 PSYoungGen      total 36864K, used 3781K [0x00000000d6f80000, 0x00000000da380000, 0x0000000100000000)
  eden space 31744K, 0% used [0x00000000d6f80000,0x00000000d6f80000,0x00000000d8e80000)
  from space 5120K, 73% used [0x00000000d8e80000,0x00000000d92316e8,0x00000000d9380000)
  to   space 5120K, 0% used [0x00000000d9e80000,0x00000000d9e80000,0x00000000da380000)
 ParOldGen       total 57344K, used 5134K [0x0000000084e00000, 0x0000000088600000, 0x00000000d6f80000)
  object space 57344K, 8% used [0x0000000084e00000,0x0000000085303960,0x0000000088600000)
 Metaspace       used 24328K, capacity 24718K, committed 25088K, reserved 1071104K
  class space    used 3143K, capacity 3238K, committed 3328K, reserved 1048576K
}
Event: 2,311 GC heap before
{Heap before GC invocations=5 (full 1):
 PSYoungGen      total 36864K, used 35525K [0x00000000d6f80000, 0x00000000da380000, 0x0000000100000000)
  eden space 31744K, 100% used [0x00000000d6f80000,0x00000000d8e80000,0x00000000d8e80000)
  from space 5120K, 73% used [0x00000000d8e80000,0x00000000d92316e8,0x00000000d9380000)
  to   space 5120K, 0% used [0x00000000d9e80000,0x00000000d9e80000,0x00000000da380000)
 ParOldGen       total 57344K, used 5134K [0x0000000084e00000, 0x0000000088600000, 0x00000000d6f80000)
  object space 57344K, 8% used [0x0000000084e00000,0x0000000085303960,0x0000000088600000)
 Metaspace       used 28981K, capacity 29282K, committed 29440K, reserved 1075200K
  class space    used 3912K, capacity 4008K, committed 4096K, reserved 1048576K
Event: 2,319 GC heap after
Heap after GC invocations=5 (full 1):
 PSYoungGen      total 48128K, used 5103K [0x00000000d6f80000, 0x00000000da400000, 0x0000000100000000)
  eden space 43008K, 0% used [0x00000000d6f80000,0x00000000d6f80000,0x00000000d9980000)
  from space 5120K, 99% used [0x00000000d9e80000,0x00000000da37bc20,0x00000000da380000)
  to   space 5120K, 0% used [0x00000000d9980000,0x00000000d9980000,0x00000000d9e80000)
 ParOldGen       total 57344K, used 7594K [0x0000000084e00000, 0x0000000088600000, 0x00000000d6f80000)
  object space 57344K, 13% used [0x0000000084e00000,0x000000008556a8a8,0x0000000088600000)
 Metaspace       used 28981K, capacity 29282K, committed 29440K, reserved 1075200K
  class space    used 3912K, capacity 4008K, committed 4096K, reserved 1048576K
}

