# JRE version: Java(TM) SE Runtime Environment (8.0_66-b17) (build 1.8.0_66-b17)
# Java VM: Java HotSpot(TM) 64-Bit Server VM (25.66-b17 mixed mode linux-amd64 compressed oops)
Heap:
 PSYoungGen      total 68608K, used 38217K [0x00000000d6f80000, 0x00000000dd100000, 0x0000000100000000)
  eden space 63488K, 52% used [0x00000000d6f80000,0x00000000d8fd50a0,0x00000000dad80000)
  from space 5120K, 99% used [0x00000000dad80000,0x00000000db27d4f8,0x00000000db280000)
  to   space 5120K, 0% used [0x00000000dcc00000,0x00000000dcc00000,0x00000000dd100000)
 ParOldGen       total 55296K, used 8151K [0x0000000084e00000, 0x0000000088400000, 0x00000000d6f80000)
  object space 55296K, 14% used [0x0000000084e00000,0x00000000855f5fd0,0x0000000088400000)
 Metaspace       used 33737K, capacity 34064K, committed 34304K, reserved 1079296K
  class space    used 4467K, capacity 4555K, committed 4608K, reserved 1048576K
GC Heap History (8 events):
Event: 0,737 GC heap before
{Heap before GC invocations=1 (full 0):
 PSYoungGen      total 36864K, used 31737K [0x00000000d6f80000, 0x00000000d9880000, 0x0000000100000000)
  eden space 31744K, 99% used [0x00000000d6f80000,0x00000000d8e7e430,0x00000000d8e80000)
  from space 5120K, 0% used [0x00000000d9380000,0x00000000d9380000,0x00000000d9880000)
  to   space 5120K, 0% used [0x00000000d8e80000,0x00000000d8e80000,0x00000000d9380000)
 ParOldGen       total 84992K, used 0K [0x0000000084e00000, 0x000000008a100000, 0x00000000d6f80000)
  object space 84992K, 0% used [0x0000000084e00000,0x0000000084e00000,0x000000008a100000)
 Metaspace       used 15213K, capacity 15408K, committed 15488K, reserved 1062912K
  class space    used 1795K, capacity 1893K, committed 1920K, reserved 1048576K
Event: 0,747 GC heap after
Heap after GC invocations=1 (full 0):
 PSYoungGen      total 36864K, used 4598K [0x00000000d6f80000, 0x00000000db780000, 0x0000000100000000)
  eden space 31744K, 0% used [0x00000000d6f80000,0x00000000d6f80000,0x00000000d8e80000)
  from space 5120K, 89% used [0x00000000d8e80000,0x00000000d92fd890,0x00000000d9380000)
  to   space 5120K, 0% used [0x00000000db280000,0x00000000db280000,0x00000000db780000)
 ParOldGen       total 84992K, used 16K [0x0000000084e00000, 0x000000008a100000, 0x00000000d6f80000)
  object space 84992K, 0% used [0x0000000084e00000,0x0000000084e04000,0x000000008a100000)
 Metaspace       used 15213K, capacity 15408K, committed 15488K, reserved 1062912K
  class space    used 1795K, capacity 1893K, committed 1920K, reserved 1048576K
}
Event: 1,043 GC heap before
{Heap before GC invocations=2 (full 0):
 PSYoungGen      total 36864K, used 28986K [0x00000000d6f80000, 0x00000000db780000, 0x0000000100000000)
  eden space 31744K, 76% used [0x00000000d6f80000,0x00000000d8751288,0x00000000d8e80000)
  from space 5120K, 89% used [0x00000000d8e80000,0x00000000d92fd890,0x00000000d9380000)
  to   space 5120K, 0% used [0x00000000db280000,0x00000000db280000,0x00000000db780000)
 ParOldGen       total 84992K, used 16K [0x0000000084e00000, 0x000000008a100000, 0x00000000d6f80000)
  object space 84992K, 0% used [0x0000000084e00000,0x0000000084e04000,0x000000008a100000)
 Metaspace       used 20908K, capacity 21132K, committed 21296K, reserved 1069056K
  class space    used 2562K, capacity 2641K, committed 2688K, reserved 1048576K
Event: 1,050 GC heap after
Heap after GC invocations=2 (full 0):
 PSYoungGen      total 68608K, used 5100K [0x00000000d6f80000, 0x00000000db780000, 0x0000000100000000)
  eden space 63488K, 0% used [0x00000000d6f80000,0x00000000d6f80000,0x00000000dad80000)
  from space 5120K, 99% used [0x00000000db280000,0x00000000db77b008,0x00000000db780000)
  to   space 5120K, 0% used [0x00000000dad80000,0x00000000dad80000,0x00000000db280000)
 ParOldGen       total 84992K, used 219K [0x0000000084e00000, 0x000000008a100000, 0x00000000d6f80000)
  object space 84992K, 0% used [0x0000000084e00000,0x0000000084e36e08,0x000000008a100000)
 Metaspace       used 20908K, capacity 21132K, committed 21296K, reserved 1069056K
  class space    used 2562K, capacity 2641K, committed 2688K, reserved 1048576K
}
Event: 1,050 GC heap before
{Heap before GC invocations=3 (full 1):
 PSYoungGen      total 68608K, used 5100K [0x00000000d6f80000, 0x00000000db780000, 0x0000000100000000)
  eden space 63488K, 0% used [0x00000000d6f80000,0x00000000d6f80000,0x00000000dad80000)
  from space 5120K, 99% used [0x00000000db280000,0x00000000db77b008,0x00000000db780000)
  to   space 5120K, 0% used [0x00000000dad80000,0x00000000dad80000,0x00000000db280000)
 ParOldGen       total 84992K, used 219K [0x0000000084e00000, 0x000000008a100000, 0x00000000d6f80000)
  object space 84992K, 0% used [0x0000000084e00000,0x0000000084e36e08,0x000000008a100000)
 Metaspace       used 20908K, capacity 21132K, committed 21296K, reserved 1069056K
  class space    used 2562K, capacity 2641K, committed 2688K, reserved 1048576K
Event: 1,074 GC heap after
Heap after GC invocations=3 (full 1):
 PSYoungGen      total 68608K, used 0K [0x00000000d6f80000, 0x00000000db780000, 0x0000000100000000)
  eden space 63488K, 0% used [0x00000000d6f80000,0x00000000d6f80000,0x00000000dad80000)
  from space 5120K, 0% used [0x00000000db280000,0x00000000db280000,0x00000000db780000)
  to   space 5120K, 0% used [0x00000000dad80000,0x00000000dad80000,0x00000000db280000)
 ParOldGen       total 55296K, used 5105K [0x0000000084e00000, 0x0000000088400000, 0x00000000d6f80000)
  object space 55296K, 9% used [0x0000000084e00000,0x00000000852fc410,0x0000000088400000)
 Metaspace       used 20908K, capacity 21132K, committed 21296K, reserved 1069056K
  class space    used 2562K, capacity 2641K, committed 2688K, reserved 1048576K
}
Event: 2,208 GC heap before
{Heap before GC invocations=4 (full 1):
 PSYoungGen      total 68608K, used 63488K [0x00000000d6f80000, 0x00000000db780000, 0x0000000100000000)
  eden space 63488K, 100% used [0x00000000d6f80000,0x00000000dad80000,0x00000000dad80000)
  from space 5120K, 0% used [0x00000000db280000,0x00000000db280000,0x00000000db780000)
  to   space 5120K, 0% used [0x00000000dad80000,0x00000000dad80000,0x00000000db280000)
 ParOldGen       total 55296K, used 5105K [0x0000000084e00000, 0x0000000088400000, 0x00000000d6f80000)
  object space 55296K, 9% used [0x0000000084e00000,0x00000000852fc410,0x0000000088400000)
 Metaspace       used 29459K, capacity 29830K, committed 29952K, reserved 1075200K
  class space    used 3969K, capacity 4040K, committed 4096K, reserved 1048576K
Event: 2,221 GC heap after
Heap after GC invocations=4 (full 1):
 PSYoungGen      total 68608K, used 5109K [0x00000000d6f80000, 0x00000000dd100000, 0x0000000100000000)
  eden space 63488K, 0% used [0x00000000d6f80000,0x00000000d6f80000,0x00000000dad80000)
  from space 5120K, 99% used [0x00000000dad80000,0x00000000db27d4f8,0x00000000db280000)
  to   space 5120K, 0% used [0x00000000dcc00000,0x00000000dcc00000,0x00000000dd100000)
 ParOldGen       total 55296K, used 8151K [0x0000000084e00000, 0x0000000088400000, 0x00000000d6f80000)
  object space 55296K, 14% used [0x0000000084e00000,0x00000000855f5fd0,0x0000000088400000)
 Metaspace       used 29459K, capacity 29830K, committed 29952K, reserved 1075200K
  class space    used 3969K, capacity 4040K, committed 4096K, reserved 1048576K
}

