# JRE version: Java(TM) SE Runtime Environment (8.0_66-b17) (build 1.8.0_66-b17)
# Java VM: Java HotSpot(TM) 64-Bit Server VM (25.66-b17 mixed mode linux-amd64 compressed oops)
Heap:
 PSYoungGen      total 68608K, used 38935K [0x00000000d6f80000, 0x00000000dcd80000, 0x0000000100000000)
  eden space 63488K, 53% used [0x00000000d6f80000,0x00000000d908d658,0x00000000dad80000)
  from space 5120K, 99% used [0x00000000dad80000,0x00000000db2788b8,0x00000000db280000)
  to   space 5120K, 0% used [0x00000000dc880000,0x00000000dc880000,0x00000000dcd80000)
 ParOldGen       total 57344K, used 8313K [0x0000000084e00000, 0x0000000088600000, 0x00000000d6f80000)
  object space 57344K, 14% used [0x0000000084e00000,0x000000008561e508,0x0000000088600000)
 Metaspace       used 33967K, capacity 34320K, committed 34560K, reserved 1079296K
  class space    used 4476K, capacity 4555K, committed 4608K, reserved 1048576K
GC Heap History (8 events):
Event: 0,646 GC heap before
{Heap before GC invocations=1 (full 0):
 PSYoungGen      total 36864K, used 31727K [0x00000000d6f80000, 0x00000000d9880000, 0x0000000100000000)
  eden space 31744K, 99% used [0x00000000d6f80000,0x00000000d8e7beb8,0x00000000d8e80000)
  from space 5120K, 0% used [0x00000000d9380000,0x00000000d9380000,0x00000000d9880000)
  to   space 5120K, 0% used [0x00000000d8e80000,0x00000000d8e80000,0x00000000d9380000)
 ParOldGen       total 84992K, used 0K [0x0000000084e00000, 0x000000008a100000, 0x00000000d6f80000)
  object space 84992K, 0% used [0x0000000084e00000,0x0000000084e00000,0x000000008a100000)
 Metaspace       used 15222K, capacity 15408K, committed 15488K, reserved 1062912K
  class space    used 1797K, capacity 1893K, committed 1920K, reserved 1048576K
Event: 0,653 GC heap after
Heap after GC invocations=1 (full 0):
 PSYoungGen      total 36864K, used 4511K [0x00000000d6f80000, 0x00000000db780000, 0x0000000100000000)
  eden space 31744K, 0% used [0x00000000d6f80000,0x00000000d6f80000,0x00000000d8e80000)
  from space 5120K, 88% used [0x00000000d8e80000,0x00000000d92e7c40,0x00000000d9380000)
  to   space 5120K, 0% used [0x00000000db280000,0x00000000db280000,0x00000000db780000)
 ParOldGen       total 84992K, used 16K [0x0000000084e00000, 0x000000008a100000, 0x00000000d6f80000)
  object space 84992K, 0% used [0x0000000084e00000,0x0000000084e04000,0x000000008a100000)
 Metaspace       used 15222K, capacity 15408K, committed 15488K, reserved 1062912K
  class space    used 1797K, capacity 1893K, committed 1920K, reserved 1048576K
}
Event: 0,963 GC heap before
{Heap before GC invocations=2 (full 0):
 PSYoungGen      total 36864K, used 29746K [0x00000000d6f80000, 0x00000000db780000, 0x0000000100000000)
  eden space 31744K, 79% used [0x00000000d6f80000,0x00000000d8824e70,0x00000000d8e80000)
  from space 5120K, 88% used [0x00000000d8e80000,0x00000000d92e7c40,0x00000000d9380000)
  to   space 5120K, 0% used [0x00000000db280000,0x00000000db280000,0x00000000db780000)
 ParOldGen       total 84992K, used 16K [0x0000000084e00000, 0x000000008a100000, 0x00000000d6f80000)
  object space 84992K, 0% used [0x0000000084e00000,0x0000000084e04000,0x000000008a100000)
 Metaspace       used 20910K, capacity 21132K, committed 21296K, reserved 1069056K
  class space    used 2564K, capacity 2641K, committed 2688K, reserved 1048576K
Event: 0,969 GC heap after
Heap after GC invocations=2 (full 0):
 PSYoungGen      total 68608K, used 5101K [0x00000000d6f80000, 0x00000000db780000, 0x0000000100000000)
  eden space 63488K, 0% used [0x00000000d6f80000,0x00000000d6f80000,0x00000000dad80000)
  from space 5120K, 99% used [0x00000000db280000,0x00000000db77b4b0,0x00000000db780000)
  to   space 5120K, 0% used [0x00000000dad80000,0x00000000dad80000,0x00000000db280000)
 ParOldGen       total 84992K, used 219K [0x0000000084e00000, 0x000000008a100000, 0x00000000d6f80000)
  object space 84992K, 0% used [0x0000000084e00000,0x0000000084e36e08,0x000000008a100000)
 Metaspace       used 20910K, capacity 21132K, committed 21296K, reserved 1069056K
  class space    used 2564K, capacity 2641K, committed 2688K, reserved 1048576K
}
Event: 0,969 GC heap before
{Heap before GC invocations=3 (full 1):
 PSYoungGen      total 68608K, used 5101K [0x00000000d6f80000, 0x00000000db780000, 0x0000000100000000)
  eden space 63488K, 0% used [0x00000000d6f80000,0x00000000d6f80000,0x00000000dad80000)
  from space 5120K, 99% used [0x00000000db280000,0x00000000db77b4b0,0x00000000db780000)
  to   space 5120K, 0% used [0x00000000dad80000,0x00000000dad80000,0x00000000db280000)
 ParOldGen       total 84992K, used 219K [0x0000000084e00000, 0x000000008a100000, 0x00000000d6f80000)
  object space 84992K, 0% used [0x0000000084e00000,0x0000000084e36e08,0x000000008a100000)
 Metaspace       used 20910K, capacity 21132K, committed 21296K, reserved 1069056K
  class space    used 2564K, capacity 2641K, committed 2688K, reserved 1048576K
Event: 0,993 GC heap after
Heap after GC invocations=3 (full 1):
 PSYoungGen      total 68608K, used 0K [0x00000000d6f80000, 0x00000000db780000, 0x0000000100000000)
  eden space 63488K, 0% used [0x00000000d6f80000,0x00000000d6f80000,0x00000000dad80000)
  from space 5120K, 0% used [0x00000000db280000,0x00000000db280000,0x00000000db780000)
  to   space 5120K, 0% used [0x00000000dad80000,0x00000000dad80000,0x00000000db280000)
 ParOldGen       total 57344K, used 5103K [0x0000000084e00000, 0x0000000088600000, 0x00000000d6f80000)
  object space 57344K, 8% used [0x0000000084e00000,0x00000000852fbe68,0x0000000088600000)
 Metaspace       used 20910K, capacity 21132K, committed 21296K, reserved 1069056K
  class space    used 2564K, capacity 2641K, committed 2688K, reserved 1048576K
}
Event: 2,046 GC heap before
{Heap before GC invocations=4 (full 1):
 PSYoungGen      total 68608K, used 63488K [0x00000000d6f80000, 0x00000000db780000, 0x0000000100000000)
  eden space 63488K, 100% used [0x00000000d6f80000,0x00000000dad80000,0x00000000dad80000)
  from space 5120K, 0% used [0x00000000db280000,0x00000000db280000,0x00000000db780000)
  to   space 5120K, 0% used [0x00000000dad80000,0x00000000dad80000,0x00000000db280000)
 ParOldGen       total 57344K, used 5103K [0x0000000084e00000, 0x0000000088600000, 0x00000000d6f80000)
  object space 57344K, 8% used [0x0000000084e00000,0x00000000852fbe68,0x0000000088600000)
 Metaspace       used 29724K, capacity 30054K, committed 30208K, reserved 1075200K
  class space    used 4002K, capacity 4072K, committed 4096K, reserved 1048576K
Event: 2,056 GC heap after
Heap after GC invocations=4 (full 1):
 PSYoungGen      total 68608K, used 5090K [0x00000000d6f80000, 0x00000000dcd80000, 0x0000000100000000)
  eden space 63488K, 0% used [0x00000000d6f80000,0x00000000d6f80000,0x00000000dad80000)
  from space 5120K, 99% used [0x00000000dad80000,0x00000000db2788b8,0x00000000db280000)
  to   space 5120K, 0% used [0x00000000dc880000,0x00000000dc880000,0x00000000dcd80000)
 ParOldGen       total 57344K, used 8313K [0x0000000084e00000, 0x0000000088600000, 0x00000000d6f80000)
  object space 57344K, 14% used [0x0000000084e00000,0x000000008561e508,0x0000000088600000)
 Metaspace       used 29724K, capacity 30054K, committed 30208K, reserved 1075200K
  class space    used 4002K, capacity 4072K, committed 4096K, reserved 1048576K
}

