# JRE version: Java(TM) SE Runtime Environment (8.0_66-b17) (build 1.8.0_66-b17)
# Java VM: Java HotSpot(TM) 64-Bit Server VM (25.66-b17 mixed mode linux-amd64 compressed oops)
Heap:
 PSYoungGen      total 48640K, used 39205K [0x00000000d6f80000, 0x00000000da500000, 0x0000000100000000)
  eden space 43520K, 78% used [0x00000000d6f80000,0x00000000d90cb9c8,0x00000000d9a00000)
  from space 5120K, 99% used [0x00000000d9f00000,0x00000000da3fdd88,0x00000000da400000)
  to   space 5120K, 0% used [0x00000000d9a00000,0x00000000d9a00000,0x00000000d9f00000)
 ParOldGen       total 56320K, used 7258K [0x0000000084e00000, 0x0000000088500000, 0x00000000d6f80000)
  object space 56320K, 12% used [0x0000000084e00000,0x0000000085516ac0,0x0000000088500000)
 Metaspace       used 33890K, capacity 34192K, committed 34560K, reserved 1079296K
  class space    used 4467K, capacity 4555K, committed 4608K, reserved 1048576K
GC Heap History (10 events):
Event: 0,748 GC heap before
{Heap before GC invocations=1 (full 0):
 PSYoungGen      total 36864K, used 31736K [0x00000000d6f80000, 0x00000000d9880000, 0x0000000100000000)
  eden space 31744K, 99% used [0x00000000d6f80000,0x00000000d8e7e288,0x00000000d8e80000)
  from space 5120K, 0% used [0x00000000d9380000,0x00000000d9380000,0x00000000d9880000)
  to   space 5120K, 0% used [0x00000000d8e80000,0x00000000d8e80000,0x00000000d9380000)
 ParOldGen       total 84992K, used 0K [0x0000000084e00000, 0x000000008a100000, 0x00000000d6f80000)
  object space 84992K, 0% used [0x0000000084e00000,0x0000000084e00000,0x000000008a100000)
 Metaspace       used 15306K, capacity 15536K, committed 15744K, reserved 1062912K
  class space    used 1803K, capacity 1893K, committed 1920K, reserved 1048576K
Event: 0,756 GC heap after
Heap after GC invocations=1 (full 0):
 PSYoungGen      total 36864K, used 4554K [0x00000000d6f80000, 0x00000000d9880000, 0x0000000100000000)
  eden space 31744K, 0% used [0x00000000d6f80000,0x00000000d6f80000,0x00000000d8e80000)
  from space 5120K, 88% used [0x00000000d8e80000,0x00000000d92f28e0,0x00000000d9380000)
  to   space 5120K, 0% used [0x00000000d9380000,0x00000000d9380000,0x00000000d9880000)
 ParOldGen       total 84992K, used 16K [0x0000000084e00000, 0x000000008a100000, 0x00000000d6f80000)
  object space 84992K, 0% used [0x0000000084e00000,0x0000000084e04000,0x000000008a100000)
 Metaspace       used 15306K, capacity 15536K, committed 15744K, reserved 1062912K
  class space    used 1803K, capacity 1893K, committed 1920K, reserved 1048576K
}
Event: 1,043 GC heap before
{Heap before GC invocations=2 (full 0):
 PSYoungGen      total 36864K, used 28936K [0x00000000d6f80000, 0x00000000d9880000, 0x0000000100000000)
  eden space 31744K, 76% used [0x00000000d6f80000,0x00000000d874fa70,0x00000000d8e80000)
  from space 5120K, 88% used [0x00000000d8e80000,0x00000000d92f28e0,0x00000000d9380000)
  to   space 5120K, 0% used [0x00000000d9380000,0x00000000d9380000,0x00000000d9880000)
 ParOldGen       total 84992K, used 16K [0x0000000084e00000, 0x000000008a100000, 0x00000000d6f80000)
  object space 84992K, 0% used [0x0000000084e00000,0x0000000084e04000,0x000000008a100000)
 Metaspace       used 20904K, capacity 21132K, committed 21296K, reserved 1069056K
  class space    used 2557K, capacity 2641K, committed 2688K, reserved 1048576K
Event: 1,049 GC heap after
Heap after GC invocations=2 (full 0):
 PSYoungGen      total 36864K, used 5107K [0x00000000d6f80000, 0x00000000db780000, 0x0000000100000000)
  eden space 31744K, 0% used [0x00000000d6f80000,0x00000000d6f80000,0x00000000d8e80000)
  from space 5120K, 99% used [0x00000000d9380000,0x00000000d987cf68,0x00000000d9880000)
  to   space 5120K, 0% used [0x00000000d8e80000,0x00000000d8e80000,0x00000000d9380000)
 ParOldGen       total 84992K, used 207K [0x0000000084e00000, 0x000000008a100000, 0x00000000d6f80000)
  object space 84992K, 0% used [0x0000000084e00000,0x0000000084e33ca0,0x000000008a100000)
 Metaspace       used 20904K, capacity 21132K, committed 21296K, reserved 1069056K
  class space    used 2557K, capacity 2641K, committed 2688K, reserved 1048576K
}
Event: 1,049 GC heap before
{Heap before GC invocations=3 (full 1):
 PSYoungGen      total 36864K, used 5107K [0x00000000d6f80000, 0x00000000db780000, 0x0000000100000000)
  eden space 31744K, 0% used [0x00000000d6f80000,0x00000000d6f80000,0x00000000d8e80000)
  from space 5120K, 99% used [0x00000000d9380000,0x00000000d987cf68,0x00000000d9880000)
  to   space 5120K, 0% used [0x00000000d8e80000,0x00000000d8e80000,0x00000000d9380000)
 ParOldGen       total 84992K, used 207K [0x0000000084e00000, 0x000000008a100000, 0x00000000d6f80000)
  object space 84992K, 0% used [0x0000000084e00000,0x0000000084e33ca0,0x000000008a100000)
 Metaspace       used 20904K, capacity 21132K, committed 21296K, reserved 1069056K
  class space    used 2557K, capacity 2641K, committed 2688K, reserved 1048576K
Event: 1,073 GC heap after
Heap after GC invocations=3 (full 1):
 PSYoungGen      total 36864K, used 0K [0x00000000d6f80000, 0x00000000db780000, 0x0000000100000000)
  eden space 31744K, 0% used [0x00000000d6f80000,0x00000000d6f80000,0x00000000d8e80000)
  from space 5120K, 0% used [0x00000000d9380000,0x00000000d9380000,0x00000000d9880000)
  to   space 5120K, 0% used [0x00000000d8e80000,0x00000000d8e80000,0x00000000d9380000)
 ParOldGen       total 56320K, used 5080K [0x0000000084e00000, 0x0000000088500000, 0x00000000d6f80000)
  object space 56320K, 9% used [0x0000000084e00000,0x00000000852f60c0,0x0000000088500000)
 Metaspace       used 20904K, capacity 21132K, committed 21296K, reserved 1069056K
  class space    used 2557K, capacity 2641K, committed 2688K, reserved 1048576K
}
Event: 1,640 GC heap before
{Heap before GC invocations=4 (full 1):
 PSYoungGen      total 36864K, used 31744K [0x00000000d6f80000, 0x00000000db780000, 0x0000000100000000)
  eden space 31744K, 100% used [0x00000000d6f80000,0x00000000d8e80000,0x00000000d8e80000)
  from space 5120K, 0% used [0x00000000d9380000,0x00000000d9380000,0x00000000d9880000)
  to   space 5120K, 0% used [0x00000000d8e80000,0x00000000d8e80000,0x00000000d9380000)
 ParOldGen       total 56320K, used 5080K [0x0000000084e00000, 0x0000000088500000, 0x00000000d6f80000)
  object space 56320K, 9% used [0x0000000084e00000,0x00000000852f60c0,0x0000000088500000)
 Metaspace       used 24431K, capacity 24786K, committed 25088K, reserved 1071104K
  class space    used 3130K, capacity 3238K, committed 3328K, reserved 1048576K
Event: 1,645 GC heap after
Heap after GC invocations=4 (full 1):
 PSYoungGen      total 36864K, used 3813K [0x00000000d6f80000, 0x00000000da400000, 0x0000000100000000)
  eden space 31744K, 0% used [0x00000000d6f80000,0x00000000d6f80000,0x00000000d8e80000)
  from space 5120K, 74% used [0x00000000d8e80000,0x00000000d92396e8,0x00000000d9380000)
  to   space 5120K, 0% used [0x00000000d9f00000,0x00000000d9f00000,0x00000000da400000)
 ParOldGen       total 56320K, used 5088K [0x0000000084e00000, 0x0000000088500000, 0x00000000d6f80000)
  object space 56320K, 9% used [0x0000000084e00000,0x00000000852f80c0,0x0000000088500000)
 Metaspace       used 24431K, capacity 24786K, committed 25088K, reserved 1071104K
  class space    used 3130K, capacity 3238K, committed 3328K, reserved 1048576K
}
Event: 2,278 GC heap before
{Heap before GC invocations=5 (full 1):
 PSYoungGen      total 36864K, used 35557K [0x00000000d6f80000, 0x00000000da400000, 0x0000000100000000)
  eden space 31744K, 100% used [0x00000000d6f80000,0x00000000d8e80000,0x00000000d8e80000)
  from space 5120K, 74% used [0x00000000d8e80000,0x00000000d92396e8,0x00000000d9380000)
  to   space 5120K, 0% used [0x00000000d9f00000,0x00000000d9f00000,0x00000000da400000)
 ParOldGen       total 56320K, used 5088K [0x0000000084e00000, 0x0000000088500000, 0x00000000d6f80000)
  object space 56320K, 9% used [0x0000000084e00000,0x00000000852f80c0,0x0000000088500000)
 Metaspace       used 29768K, capacity 30118K, committed 30208K, reserved 1075200K
  class space    used 3990K, capacity 4072K, committed 4096K, reserved 1048576K
Event: 2,291 GC heap after
Heap after GC invocations=5 (full 1):
 PSYoungGen      total 48640K, used 5111K [0x00000000d6f80000, 0x00000000da500000, 0x0000000100000000)
  eden space 43520K, 0% used [0x00000000d6f80000,0x00000000d6f80000,0x00000000d9a00000)
  from space 5120K, 99% used [0x00000000d9f00000,0x00000000da3fdd88,0x00000000da400000)
  to   space 5120K, 0% used [0x00000000d9a00000,0x00000000d9a00000,0x00000000d9f00000)
 ParOldGen       total 56320K, used 7258K [0x0000000084e00000, 0x0000000088500000, 0x00000000d6f80000)
  object space 56320K, 12% used [0x0000000084e00000,0x0000000085516ac0,0x0000000088500000)
 Metaspace       used 29768K, capacity 30118K, committed 30208K, reserved 1075200K
  class space    used 3990K, capacity 4072K, committed 4096K, reserved 1048576K
}

